SF:lib\data\datasources\movie_local_data_source.dart
DA:14,1
DA:16,1
DA:18,2
DA:20,1
DA:26,1
DA:28,2
DA:29,4
DA:32,1
DA:35,2
DA:38,1
DA:39,1
DA:44,1
DA:47,2
DA:50,1
DA:51,1
LF:15
LH:15
end_of_record
SF:lib\utils\exception.dart
DA:6,4
LF:1
LH:1
end_of_record
SF:lib\data\models\movie_table.dart
DA:11,5
DA:18,2
DA:19,1
DA:20,1
DA:21,1
DA:22,1
DA:25,2
DA:26,1
DA:27,1
DA:28,1
DA:29,1
DA:32,2
DA:33,1
DA:34,1
DA:35,1
DA:36,1
DA:39,4
DA:40,2
DA:41,2
DA:42,2
DA:43,2
DA:46,2
DA:47,2
DA:48,2
DA:49,2
DA:50,2
DA:51,2
LF:27
LH:27
end_of_record
SF:lib\domain\entities\genre.dart
DA:4,12
DA:12,5
DA:13,15
LF:3
LH:3
end_of_record
SF:lib\domain\entities\movie.dart
DA:4,6
DA:20,5
DA:50,3
DA:51,3
DA:52,3
DA:53,3
DA:54,3
DA:55,3
DA:56,3
DA:57,3
DA:58,3
DA:59,3
DA:60,3
DA:61,3
DA:62,3
DA:63,3
DA:64,3
LF:17
LH:17
end_of_record
SF:lib\domain\entities\movie_detail.dart
DA:5,5
DA:33,2
DA:34,2
DA:35,2
DA:36,2
DA:37,2
DA:38,2
DA:39,2
DA:40,2
DA:41,2
DA:42,2
DA:43,2
DA:44,2
DA:45,2
LF:14
LH:14
end_of_record
SF:lib\data\datasources\movie_remote_data_source.dart
DA:20,1
DA:22,1
DA:24,2
DA:25,1
DA:28,2
DA:29,1
DA:30,2
DA:31,1
DA:33,1
DA:37,1
DA:39,2
DA:40,1
DA:43,2
DA:44,1
DA:45,2
DA:46,1
DA:48,1
DA:52,1
DA:54,2
DA:55,1
DA:58,2
DA:59,1
DA:60,2
DA:61,1
DA:63,1
DA:67,1
DA:69,2
DA:70,2
DA:73,2
DA:74,3
DA:76,1
DA:80,1
DA:82,2
DA:83,2
DA:86,2
DA:87,1
DA:88,2
DA:89,1
DA:91,1
DA:95,1
DA:97,2
DA:98,2
DA:101,2
DA:102,1
DA:103,2
DA:104,1
DA:106,1
LF:47
LH:47
end_of_record
SF:lib\data\datasources\tv_series_local_data_source.dart
DA:15,1
DA:17,1
DA:19,2
DA:20,4
DA:23,1
DA:25,2
DA:27,1
DA:33,1
DA:36,2
DA:39,1
DA:40,1
DA:45,1
DA:48,2
DA:51,1
DA:52,1
LF:15
LH:15
end_of_record
SF:lib\data\datasources\tv_series_remote_data_source.dart
DA:22,1
DA:24,1
DA:26,2
DA:27,1
DA:30,2
DA:31,1
DA:32,2
DA:33,1
DA:35,1
DA:39,1
DA:41,2
DA:42,1
DA:45,2
DA:46,1
DA:47,2
DA:48,1
DA:50,1
DA:54,1
DA:56,2
DA:57,1
DA:60,2
DA:61,1
DA:62,2
DA:63,1
DA:65,1
DA:69,1
DA:71,2
DA:72,2
DA:75,2
DA:76,1
DA:77,2
DA:80,1
DA:84,1
DA:86,2
DA:87,2
DA:90,2
DA:91,1
DA:92,2
DA:93,1
DA:95,1
DA:99,1
DA:101,2
DA:102,2
DA:105,2
DA:106,1
DA:107,2
DA:110,1
DA:114,1
DA:116,2
DA:117,2
DA:120,2
DA:121,1
DA:122,2
DA:123,1
DA:125,1
LF:55
LH:55
end_of_record
SF:lib\data\models\movie_detail_model.dart
DA:6,3
DA:52,1
DA:53,1
DA:54,1
DA:55,1
DA:56,1
DA:57,1
DA:58,1
DA:59,2
DA:60,1
DA:61,1
DA:62,1
DA:63,1
DA:64,1
DA:65,1
DA:66,1
DA:67,1
DA:68,2
DA:69,1
DA:70,1
DA:71,1
DA:72,1
DA:73,1
DA:74,2
DA:75,2
DA:78,1
DA:81,2
DA:82,1
DA:83,1
DA:84,1
DA:85,1
DA:86,1
DA:87,1
DA:88,1
DA:89,1
DA:90,1
DA:91,1
DA:92,1
DA:93,1
DA:94,1
DA:95,1
DA:96,1
DA:97,1
DA:98,1
DA:99,1
DA:100,1
DA:101,1
DA:102,2
DA:103,2
DA:106,1
DA:109,2
DA:110,2
DA:111,2
DA:112,2
DA:113,2
DA:114,2
DA:115,2
DA:116,2
DA:117,2
DA:118,2
DA:119,2
DA:120,2
DA:121,2
DA:122,10
DA:126,1
DA:127,1
DA:128,1
DA:129,1
DA:130,1
DA:131,1
DA:132,1
DA:133,1
DA:134,1
DA:135,1
DA:136,1
DA:137,1
DA:138,1
DA:139,1
DA:140,1
DA:141,1
DA:142,1
DA:143,1
DA:144,1
DA:145,1
DA:146,1
DA:147,1
DA:148,1
LF:87
LH:87
end_of_record
SF:lib\data\models\movie_model.dart
DA:5,5
DA:35,4
DA:36,2
DA:37,2
DA:38,2
DA:39,4
DA:40,2
DA:41,2
DA:42,2
DA:43,2
DA:44,4
DA:45,2
DA:46,2
DA:47,2
DA:48,2
DA:49,6
DA:53,2
DA:54,1
DA:55,1
DA:56,1
DA:57,1
DA:58,1
DA:59,1
DA:60,1
DA:61,1
DA:62,1
DA:63,1
DA:64,1
DA:65,1
DA:66,1
DA:67,3
DA:71,2
DA:72,2
DA:73,2
DA:74,2
DA:75,2
DA:76,2
DA:77,2
DA:78,2
DA:79,2
DA:80,2
DA:81,2
DA:82,2
DA:83,2
DA:84,2
DA:85,2
DA:89,2
DA:90,2
DA:91,2
DA:92,2
DA:93,2
DA:94,2
DA:95,2
DA:96,2
DA:97,2
DA:98,2
DA:99,2
DA:100,2
DA:101,2
DA:102,2
DA:103,2
LF:61
LH:61
end_of_record
SF:lib\data\models\season_detail_model.dart
DA:14,4
DA:24,1
DA:25,1
DA:26,1
DA:27,1
DA:28,1
DA:29,1
DA:30,1
DA:31,1
DA:32,1
DA:35,2
DA:36,2
DA:37,2
DA:38,2
DA:39,2
DA:40,2
DA:41,2
DA:42,10
DA:43,2
DA:47,2
DA:48,1
DA:49,1
DA:50,1
DA:51,1
DA:52,1
DA:53,5
DA:54,1
DA:57,1
DA:58,1
DA:59,1
DA:60,1
DA:61,1
DA:62,1
DA:63,1
DA:64,1
DA:65,2
DA:66,2
DA:69,1
LF:38
LH:38
end_of_record
SF:lib\data\models\tv_series_detail_model.dart
DA:7,4
DA:57,1
DA:58,1
DA:59,1
DA:60,1
DA:61,1
DA:62,3
DA:64,1
DA:65,1
DA:66,1
DA:67,1
DA:68,1
DA:69,3
DA:71,1
DA:72,1
DA:73,1
DA:74,2
DA:75,1
DA:76,1
DA:77,2
DA:78,2
DA:81,1
DA:82,1
DA:83,1
DA:84,2
DA:85,1
DA:86,1
DA:87,1
DA:88,1
DA:89,2
DA:90,2
DA:93,1
DA:96,2
DA:97,1
DA:98,1
DA:99,1
DA:100,3
DA:102,1
DA:103,1
DA:104,1
DA:105,1
DA:106,1
DA:107,3
DA:109,1
DA:110,1
DA:111,1
DA:112,1
DA:113,1
DA:114,1
DA:115,2
DA:116,2
DA:119,1
DA:120,1
DA:121,1
DA:122,1
DA:123,1
DA:124,1
DA:125,1
DA:126,1
DA:127,2
DA:128,2
DA:131,1
DA:134,2
DA:135,2
DA:136,2
DA:137,2
DA:138,2
DA:139,2
DA:140,2
DA:141,2
DA:142,10
DA:143,2
DA:144,2
DA:145,2
DA:146,2
DA:147,2
DA:148,2
DA:149,2
DA:150,2
DA:151,10
DA:155,1
DA:156,1
DA:157,1
DA:158,1
DA:159,1
DA:160,1
DA:161,1
DA:162,1
DA:163,1
DA:164,1
DA:165,1
DA:166,1
DA:167,1
DA:168,1
DA:169,1
DA:170,1
DA:171,1
DA:172,1
DA:173,1
DA:174,1
DA:175,1
DA:176,1
DA:177,1
DA:178,1
DA:179,1
LF:105
LH:105
end_of_record
SF:lib\data\models\tv_series_model.dart
DA:5,6
DA:35,4
DA:36,2
DA:37,2
DA:38,4
DA:39,2
DA:40,2
DA:41,2
DA:42,6
DA:44,2
DA:45,6
DA:47,2
DA:48,2
DA:49,2
DA:50,2
DA:51,2
DA:52,4
DA:55,2
DA:56,1
DA:57,1
DA:58,1
DA:59,1
DA:60,1
DA:61,1
DA:62,3
DA:64,1
DA:65,3
DA:67,1
DA:68,1
DA:69,1
DA:70,1
DA:71,1
DA:72,1
DA:75,2
DA:76,2
DA:77,2
DA:78,2
DA:79,2
DA:80,2
DA:81,2
DA:82,2
DA:83,2
DA:84,2
DA:85,2
DA:86,2
DA:87,2
DA:88,2
DA:89,2
DA:93,2
DA:94,2
DA:95,2
DA:96,2
DA:97,2
DA:98,2
DA:99,2
DA:100,2
DA:101,2
DA:102,2
DA:103,2
DA:104,2
DA:105,2
DA:106,2
DA:107,2
LF:63
LH:63
end_of_record
SF:lib\data\models\tv_series_table.dart
DA:11,5
DA:18,2
DA:19,1
DA:20,1
DA:21,1
DA:22,1
DA:25,2
DA:26,1
DA:27,1
DA:28,1
DA:29,1
DA:32,2
DA:33,1
DA:34,1
DA:35,1
DA:36,1
DA:39,4
DA:40,2
DA:41,2
DA:42,2
DA:43,2
DA:46,2
DA:47,2
DA:48,2
DA:49,2
DA:50,2
DA:51,2
LF:27
LH:27
end_of_record
SF:lib\domain\entities\season_detail.dart
DA:13,5
DA:23,2
DA:25,2
DA:26,2
DA:27,2
DA:28,2
DA:29,2
DA:30,2
DA:31,2
DA:32,2
LF:10
LH:10
end_of_record
SF:lib\domain\entities\tvseries.dart
DA:4,5
DA:20,5
DA:50,3
DA:51,3
DA:52,3
DA:53,3
DA:54,3
DA:55,3
DA:56,3
DA:57,3
DA:58,3
DA:59,3
DA:60,3
DA:61,3
DA:62,3
DA:63,3
DA:64,3
LF:17
LH:17
end_of_record
SF:lib\domain\entities\tvseries_detail.dart
DA:6,5
DA:42,2
DA:43,2
DA:44,2
DA:45,2
DA:46,2
DA:47,2
DA:48,2
DA:49,2
DA:50,2
DA:51,2
DA:52,2
DA:53,2
DA:54,2
DA:55,2
DA:56,2
DA:57,2
DA:58,2
DA:59,2
LF:19
LH:19
end_of_record
SF:lib\utils\failure.dart
DA:5,6
DA:7,2
DA:8,4
DA:12,4
DA:16,4
DA:20,4
DA:24,4
LF:7
LH:7
end_of_record
SF:lib\data\models\movie_response.dart
DA:6,3
DA:8,4
DA:9,2
DA:10,2
DA:11,6
DA:12,6
DA:16,2
DA:17,1
DA:18,2
DA:19,2
DA:24,1
DA:25,2
LF:12
LH:12
end_of_record
SF:lib\data\models\tv_series_response.dart
DA:6,3
DA:8,2
DA:9,2
DA:10,2
DA:11,2
DA:12,2
DA:13,4
DA:15,4
DA:16,6
DA:20,2
DA:21,1
DA:22,2
DA:23,2
DA:28,1
DA:29,2
LF:15
LH:15
end_of_record
SF:lib\data\models\episode_model.dart
DA:16,5
DA:29,1
DA:30,1
DA:31,1
DA:32,1
DA:33,1
DA:34,1
DA:35,1
DA:36,1
DA:37,1
DA:38,1
DA:39,1
DA:40,1
DA:43,4
DA:44,2
DA:45,2
DA:46,2
DA:47,2
DA:48,2
DA:49,2
DA:50,2
DA:51,2
DA:52,2
DA:53,2
DA:56,2
DA:57,1
DA:58,1
DA:59,1
DA:60,1
DA:61,1
DA:62,1
DA:63,1
DA:64,1
DA:65,1
DA:66,1
DA:69,3
DA:70,3
DA:71,3
DA:72,3
DA:73,3
DA:74,3
DA:75,3
DA:76,3
DA:77,3
DA:78,3
DA:79,3
DA:80,3
LF:47
LH:47
end_of_record
SF:lib\domain\entities\episode.dart
DA:15,7
DA:28,3
DA:30,3
DA:31,3
DA:32,3
DA:33,3
DA:34,3
DA:35,3
DA:36,3
DA:37,3
DA:38,3
DA:39,3
DA:40,3
LF:13
LH:13
end_of_record
SF:lib\data\models\genre_model.dart
DA:5,8
DA:13,4
DA:14,2
DA:15,2
DA:18,6
DA:19,3
DA:20,3
DA:23,5
DA:24,15
DA:27,2
DA:28,6
LF:11
LH:11
end_of_record
SF:lib\data\models\season_model.dart
DA:5,5
DA:23,2
DA:24,1
DA:25,1
DA:26,1
DA:27,1
DA:28,1
DA:29,1
DA:30,1
DA:33,4
DA:34,2
DA:35,2
DA:36,2
DA:37,2
DA:38,2
DA:39,2
DA:40,2
DA:43,3
DA:44,3
DA:45,3
DA:46,3
DA:47,3
DA:48,3
DA:49,3
DA:50,3
DA:51,3
DA:55,1
DA:56,1
DA:57,1
DA:58,1
DA:59,1
DA:60,1
DA:61,1
DA:62,1
DA:63,1
LF:35
LH:35
end_of_record
SF:lib\domain\entities\season.dart
DA:4,7
DA:22,3
DA:23,3
DA:24,3
DA:25,3
DA:26,3
DA:27,3
DA:28,3
DA:29,3
DA:30,3
LF:10
LH:10
end_of_record
SF:lib\data\repositories\movie_repository_impl.dart
DA:15,1
DA:20,1
DA:23,2
DA:25,1
DA:27,1
DA:28,2
DA:30,1
DA:32,1
DA:36,1
DA:40,1
DA:41,1
DA:42,3
DA:47,1
DA:50,2
DA:52,1
DA:54,1
DA:55,2
DA:57,1
DA:59,1
DA:63,1
DA:67,1
DA:68,1
DA:69,3
DA:74,1
DA:77,2
DA:78,1
DA:80,1
DA:81,2
DA:83,1
DA:85,1
DA:89,1
DA:93,1
DA:94,1
DA:95,3
DA:100,1
DA:103,2
DA:104,2
DA:105,1
DA:107,1
DA:111,1
DA:112,1
DA:113,3
DA:118,1
DA:121,2
DA:123,1
DA:125,1
DA:126,0
DA:128,1
DA:130,1
DA:132,1
DA:136,1
DA:137,1
DA:138,3
DA:143,1
DA:145,2
DA:146,1
DA:148,1
DA:149,2
DA:151,1
DA:155,1
DA:158,2
DA:159,1
DA:161,1
DA:162,1
DA:163,1
DA:164,2
DA:171,1
DA:173,2
DA:178,1
DA:181,2
DA:182,1
DA:184,1
DA:185,1
DA:186,1
DA:187,2
DA:192,1
DA:195,2
DA:196,1
DA:198,1
DA:199,2
DA:201,1
DA:203,1
DA:207,1
DA:211,1
DA:212,1
DA:213,3
LF:86
LH:85
end_of_record
SF:lib\data\repositories\tvseries_repository_impl.dart
DA:16,1
DA:21,1
DA:24,2
DA:26,1
DA:28,1
DA:29,2
DA:31,1
DA:33,1
DA:37,1
DA:41,1
DA:42,1
DA:43,3
DA:48,1
DA:51,2
DA:53,1
DA:55,1
DA:56,2
DA:58,1
DA:60,1
DA:64,1
DA:68,1
DA:69,1
DA:70,3
DA:75,1
DA:78,2
DA:80,1
DA:82,1
DA:83,2
DA:85,1
DA:87,1
DA:91,1
DA:95,1
DA:96,1
DA:97,3
DA:102,1
DA:105,2
DA:106,1
DA:107,2
DA:109,1
DA:113,1
DA:117,1
DA:118,1
DA:119,3
DA:124,1
DA:127,2
DA:128,1
DA:129,1
DA:131,1
DA:135,1
DA:139,1
DA:140,1
DA:141,3
DA:146,1
DA:152,2
DA:154,1
DA:155,1
DA:157,1
DA:161,1
DA:165,1
DA:166,1
DA:167,3
DA:172,1
DA:175,2
DA:177,1
DA:179,1
DA:180,2
DA:182,1
DA:184,1
DA:185,1
DA:186,2
DA:191,1
DA:195,2
DA:196,1
DA:198,1
DA:199,1
DA:200,1
DA:201,2
DA:208,1
DA:210,2
DA:215,1
DA:219,2
DA:220,1
DA:222,1
DA:223,1
DA:224,1
DA:225,2
DA:230,1
DA:233,2
DA:235,1
DA:237,1
DA:238,2
DA:240,1
DA:242,1
DA:246,1
DA:250,1
DA:251,1
DA:252,3
LF:97
LH:97
end_of_record
