SF:lib\domain\usecases\get_detail_movie.dart
DA:9,1
DA:11,1
DA:12,2
LF:3
LH:3
end_of_record
SF:lib\domain\usecases\get_now_playing_movies.dart
DA:9,1
DA:11,1
DA:12,2
LF:3
LH:3
end_of_record
SF:lib\domain\usecases\get_popular_movies.dart
DA:9,1
DA:11,1
DA:12,2
LF:3
LH:3
end_of_record
SF:lib\domain\usecases\get_recommendation_movies.dart
DA:9,1
DA:11,1
DA:12,2
LF:3
LH:3
end_of_record
SF:lib\domain\usecases\get_top_rated_movies.dart
DA:9,1
DA:11,1
DA:12,2
LF:3
LH:3
end_of_record
SF:lib\domain\usecases\get_watchlist_movies.dart
DA:9,1
DA:11,1
DA:12,2
LF:3
LH:3
end_of_record
SF:lib\domain\usecases\get_watchlist_status_movie.dart
DA:6,1
DA:8,1
DA:9,2
LF:3
LH:3
end_of_record
SF:lib\domain\usecases\remove_watchlist_movie.dart
DA:9,1
DA:11,1
DA:12,2
LF:3
LH:3
end_of_record
SF:lib\domain\usecases\save_watchlist_movie.dart
DA:9,1
DA:11,1
DA:12,2
LF:3
LH:3
end_of_record
SF:lib\domain\usecases\search_movies.dart
DA:9,1
DA:11,1
DA:12,2
LF:3
LH:3
end_of_record
SF:lib\presentation\blocs\detail\detail_movie_state.dart
DA:12,4
DA:22,1
DA:24,1
DA:25,1
DA:26,1
DA:27,1
DA:28,1
DA:29,1
DA:30,1
DA:31,1
DA:35,2
DA:44,2
DA:45,2
DA:46,2
DA:47,2
DA:49,2
DA:50,2
DA:51,2
DA:52,2
DA:56,2
LF:20
LH:20
end_of_record
SF:lib\presentation\blocs\detail\detail_movie_event.dart
DA:13,2
DA:23,2
DA:33,2
DA:43,2
LF:4
LH:4
end_of_record
SF:lib\presentation\blocs\detail\detail_movie_bloc.dart
DA:25,1
DA:31,2
DA:32,2
DA:33,3
DA:35,1
DA:37,2
DA:39,2
DA:41,1
DA:42,2
DA:43,2
DA:45,1
DA:48,1
DA:49,1
DA:50,2
DA:56,1
DA:57,2
DA:58,2
DA:60,1
DA:63,1
DA:64,1
DA:65,1
DA:66,2
DA:71,1
DA:72,2
DA:84,2
DA:85,1
DA:86,2
DA:88,1
DA:89,5
DA:90,1
DA:91,3
DA:94,3
DA:97,2
DA:98,1
DA:99,2
DA:101,1
DA:102,5
DA:103,1
DA:104,3
DA:107,3
DA:110,2
DA:111,3
DA:112,3
LF:43
LH:43
end_of_record
SF:lib\presentation\blocs\now_playing\now_playing_movies_state.dart
DA:4,1
DA:5,1
DA:14,1
DA:16,1
DA:17,2
DA:22,1
DA:24,1
DA:25,2
LF:8
LH:8
end_of_record
SF:lib\presentation\blocs\now_playing\now_playing_movies_bloc.dart
DA:13,1
DA:14,1
DA:15,1
DA:17,2
DA:18,1
DA:19,1
DA:22,2
DA:24,1
DA:25,4
DA:26,1
DA:27,1
DA:28,1
DA:29,1
DA:32,1
DA:33,1
LF:15
LH:15
end_of_record
SF:lib\presentation\blocs\now_playing\now_playing_movies_event.dart
LF:0
LH:0
end_of_record
SF:lib\presentation\blocs\popular\popular_movies_state.dart
DA:4,1
DA:5,1
DA:14,2
DA:16,1
DA:17,2
DA:22,2
DA:24,1
DA:25,2
LF:8
LH:8
end_of_record
SF:lib\presentation\blocs\popular\popular_movies_bloc.dart
DA:12,1
DA:13,1
DA:14,1
DA:16,2
DA:17,1
DA:18,1
DA:21,2
DA:23,1
DA:24,2
DA:25,2
DA:27,1
DA:28,1
DA:29,1
DA:30,1
DA:33,1
DA:34,1
LF:16
LH:16
end_of_record
SF:lib\presentation\blocs\popular\popular_movies_event.dart
LF:0
LH:0
end_of_record
SF:lib\presentation\blocs\top_rated\top_rated_movies_bloc.dart
DA:13,1
DA:14,1
DA:15,1
DA:17,2
DA:18,1
DA:19,1
DA:22,2
DA:24,1
DA:25,2
DA:26,2
DA:28,1
DA:29,1
DA:30,1
DA:31,1
DA:34,1
DA:35,1
LF:16
LH:16
end_of_record
SF:lib\presentation\blocs\top_rated\top_rated_movies_event.dart
LF:0
LH:0
end_of_record
SF:lib\presentation\blocs\top_rated\top_rated_movies_state.dart
DA:4,1
DA:5,1
DA:14,2
DA:16,1
DA:17,2
DA:22,2
DA:24,1
DA:25,2
LF:8
LH:8
end_of_record
SF:lib\presentation\blocs\watchlist\watchlist_movies_bloc.dart
DA:13,1
DA:14,1
DA:15,1
DA:17,2
DA:18,1
DA:19,1
DA:22,2
DA:24,1
DA:25,2
DA:26,2
DA:28,1
DA:29,1
DA:30,1
DA:31,1
DA:34,1
DA:35,1
LF:16
LH:16
end_of_record
SF:lib\presentation\blocs\watchlist\watchlist_movies_state.dart
DA:4,1
DA:5,1
DA:14,2
DA:16,1
DA:17,2
DA:22,2
DA:24,1
DA:25,2
LF:8
LH:8
end_of_record
SF:lib\presentation\blocs\watchlist\watchlist_movies_event.dart
LF:0
LH:0
end_of_record
SF:lib\presentation\blocs\search\search_movies_state.dart
DA:4,4
DA:6,1
DA:7,1
DA:18,3
DA:20,1
DA:21,2
DA:26,2
DA:28,1
DA:29,2
LF:9
LH:9
end_of_record
SF:lib\presentation\blocs\search\search_movies_event.dart
DA:4,2
DA:14,2
LF:2
LH:2
end_of_record
SF:lib\presentation\blocs\search\search_movies_bloc.dart
DA:13,1
DA:14,1
DA:15,1
DA:17,1
DA:18,1
DA:19,1
DA:21,1
DA:22,1
DA:25,2
DA:26,1
DA:27,1
DA:28,1
DA:29,2
DA:32,1
DA:33,1
DA:34,1
DA:35,1
DA:38,1
DA:39,1
DA:45,1
DA:51,1
DA:52,3
LF:22
LH:22
end_of_record
SF:lib\presentation\pages\movie_detail_page.dart
DA:13,1
DA:15,1
DA:16,1
DA:20,1
DA:22,1
DA:23,2
DA:24,3
DA:25,3
DA:27,3
DA:28,3
DA:33,1
DA:35,1
DA:36,1
DA:37,1
DA:38,1
DA:39,1
DA:40,1
DA:41,2
DA:42,1
DA:43,1
DA:47,1
DA:49,1
DA:50,1
DA:51,1
DA:57,1
DA:58,3
DA:59,2
DA:61,1
DA:62,1
DA:63,1
DA:67,1
DA:68,1
DA:69,1
DA:70,1
DA:71,1
DA:72,1
DA:75,1
DA:76,1
DA:77,2
DA:80,1
DA:93,1
DA:100,1
DA:102,3
DA:103,1
DA:104,1
DA:105,1
DA:106,3
DA:108,1
DA:111,0
DA:113,1
DA:115,1
DA:116,1
DA:117,1
DA:129,1
DA:130,1
DA:131,1
DA:133,1
DA:135,1
DA:137,1
DA:138,1
DA:139,2
DA:140,1
DA:142,1
DA:144,1
DA:145,1
DA:151,2
DA:152,2
DA:155,2
DA:156,1
DA:157,1
DA:162,1
DA:164,1
DA:165,1
DA:172,1
DA:173,3
DA:175,1
DA:176,3
DA:178,1
DA:179,1
DA:180,1
DA:181,3
DA:183,1
DA:189,4
DA:193,1
DA:195,1
DA:197,1
DA:198,2
DA:201,1
DA:203,1
DA:205,1
DA:206,1
DA:208,1
DA:209,1
DA:214,1
DA:216,1
DA:218,1
DA:220,1
DA:221,2
DA:222,1
DA:224,1
DA:225,0
DA:226,0
DA:229,0
DA:232,1
DA:237,1
DA:239,2
DA:240,1
DA:244,0
DA:251,2
DA:254,1
DA:256,2
DA:266,1
DA:268,1
DA:283,1
DA:285,1
DA:288,1
DA:291,0
DA:292,0
DA:301,1
DA:302,1
DA:303,3
DA:306,1
DA:307,1
DA:308,1
DA:309,2
LF:125
LH:118
end_of_record
SF:lib\presentation\pages\popular_movies_page.dart
DA:7,1
DA:9,1
DA:10,1
DA:14,1
DA:16,1
DA:17,1
DA:18,4
DA:19,1
DA:24,1
DA:26,1
DA:27,1
DA:30,1
DA:32,1
DA:33,1
DA:34,1
DA:38,1
DA:39,1
DA:40,1
DA:41,2
DA:42,1
DA:44,2
DA:46,1
DA:47,1
DA:49,2
LF:24
LH:24
end_of_record
SF:lib\presentation\widgets\movie_card_list.dart
DA:9,4
DA:14,4
DA:16,4
DA:18,4
DA:19,0
DA:22,0
DA:24,4
DA:26,4
DA:27,4
DA:28,4
DA:34,4
DA:36,4
DA:37,4
DA:38,8
DA:41,4
DA:44,4
DA:45,8
DA:53,4
DA:58,4
DA:60,4
DA:61,12
DA:63,4
DA:66,0
LF:23
LH:20
end_of_record
SF:lib\presentation\pages\search_movies_page.dart
DA:8,1
DA:10,1
DA:12,1
DA:13,0
DA:14,1
DA:16,1
DA:19,1
DA:21,1
DA:23,1
DA:24,1
DA:25,1
DA:26,2
DA:27,1
DA:43,1
DA:45,1
DA:47,1
DA:48,1
DA:49,1
DA:55,1
DA:56,1
DA:57,1
DA:58,1
DA:60,1
DA:61,1
DA:62,1
DA:64,1
DA:67,1
DA:68,1
DA:69,1
DA:70,1
DA:72,1
DA:75,2
DA:80,1
DA:81,1
DA:82,1
DA:84,2
DA:88,1
DA:89,1
LF:38
LH:37
end_of_record
SF:lib\presentation\pages\top_rated_movies_page.dart
DA:7,1
DA:9,1
DA:10,1
DA:14,1
DA:16,1
DA:18,1
DA:19,4
DA:20,1
DA:25,1
DA:27,1
DA:28,1
DA:31,1
DA:33,1
DA:34,1
DA:35,1
DA:39,1
DA:40,1
DA:41,1
DA:42,2
DA:43,1
DA:45,2
DA:47,1
DA:48,1
DA:50,2
LF:24
LH:24
end_of_record
SF:lib\presentation\pages\watchlist_movies_page.dart
DA:8,1
DA:10,1
DA:11,1
DA:16,1
DA:18,1
DA:20,1
DA:21,4
DA:22,1
DA:27,1
DA:29,1
DA:31,4
DA:34,0
DA:36,0
DA:37,0
DA:41,1
DA:43,1
DA:44,1
DA:46,1
DA:47,1
DA:48,1
DA:52,1
DA:53,1
DA:54,1
DA:55,2
DA:56,1
DA:58,2
DA:60,1
DA:61,1
DA:63,2
DA:86,1
DA:88,2
DA:89,1
LF:32
LH:29
end_of_record
